<?xml version="1.0" encoding="UTF-8"?>
<!-- Generated by org.testng.reporters.JUnitReportReporter -->
<testsuite hostname="CSK" failures="0" tests="1" name="extendsReports.ToLearnReports" time="1.451" errors="0" timestamp="2024-11-07T13:09:38 IST" skipped="0">
  <testcase classname="extendsReports.ToLearnReports" name="Report" time="1.451"/>
  <system-out/>
</testsuite> <!-- extendsReports.ToLearnReports -->
