<?xml version="1.0" encoding="UTF-8"?>
<!-- Generated by org.testng.reporters.JUnitReportReporter -->
<testsuite hostname="CSK" failures="0" tests="1" name="suiteMaven.Rolesroyce" time="5.601" errors="0" timestamp="2024-11-05T12:51:34 IST" skipped="0">
  <testcase classname="suiteMaven.Rolesroyce" name="Launch" time="5.601"/>
  <system-out/>
</testsuite> <!-- suiteMaven.Rolesroyce -->
