<?xml version="1.0" encoding="UTF-8"?>
<!-- Generated by org.testng.reporters.JUnitReportReporter -->
<testsuite hostname="CSK" failures="0" tests="1" name="suiteMaven.Audi" time="58.364" errors="0" timestamp="2024-11-05T12:51:34 IST" skipped="0">
  <testcase classname="suiteMaven.Audi" name="Launch" time="58.364"/>
  <system-out/>
</testsuite> <!-- suiteMaven.Audi -->
